<?xml version="1.0" encoding="UTF-8"?>
<testng-results skipped="0" failed="0" ignored="0" total="2" passed="2">
  <reporter-output>
  </reporter-output>
  <suite name="Default suite" duration-ms="84" started-at="2017-09-09T18:31:46Z" finished-at="2017-09-09T18:31:46Z">
    <groups>
      <group name="P1">
        <method signature="A.pattern()[pri:0, instance:abcd.A@7921b0a2]" name="pattern" class="abcd.A"/>
      </group> <!-- P1 -->
    </groups>
    <test name="Default test" duration-ms="84" started-at="2017-09-09T18:31:46Z" finished-at="2017-09-09T18:31:46Z">
      <class name="abcd.A">
        <test-method status="PASS" signature="pattern()[pri:0, instance:abcd.A@7921b0a2]" name="pattern" duration-ms="17" started-at="2017-09-10T00:01:46Z" finished-at="2017-09-10T00:01:46Z">
          <reporter-output>
          </reporter-output>
        </test-method> <!-- pattern -->
        <test-method status="PASS" signature="pattern2()[pri:0, instance:abcd.A@7921b0a2]" name="pattern2" duration-ms="2" started-at="2017-09-10T00:01:46Z" finished-at="2017-09-10T00:01:46Z">
          <reporter-output>
          </reporter-output>
        </test-method> <!-- pattern2 -->
      </class> <!-- abcd.A -->
    </test> <!-- Default test -->
  </suite> <!-- Default suite -->
</testng-results>
